mode: set
github.com/DurantVivado/Grasure/erasure-simFailure.go:22.50,24.24 1 0
github.com/DurantVivado/Grasure/erasure-simFailure.go:28.2,28.30 1 0
github.com/DurantVivado/Grasure/erasure-simFailure.go:36.2,36.66 1 0
github.com/DurantVivado/Grasure/erasure-simFailure.go:24.24,26.3 1 0
github.com/DurantVivado/Grasure/erasure-simFailure.go:28.30,30.27 2 0
github.com/DurantVivado/Grasure/erasure-simFailure.go:34.3,34.9 1 0
github.com/DurantVivado/Grasure/erasure-simFailure.go:30.27,33.4 2 0
github.com/DurantVivado/Grasure/erasure-simFailure.go:36.66,37.29 1 0
github.com/DurantVivado/Grasure/erasure-simFailure.go:40.3,40.36 1 0
github.com/DurantVivado/Grasure/erasure-simFailure.go:45.3,45.15 1 0
github.com/DurantVivado/Grasure/erasure-simFailure.go:49.3,50.42 2 0
github.com/DurantVivado/Grasure/erasure-simFailure.go:37.29,39.4 1 0
github.com/DurantVivado/Grasure/erasure-simFailure.go:40.36,42.4 1 0
github.com/DurantVivado/Grasure/erasure-simFailure.go:45.15,47.4 1 0
github.com/DurantVivado/Grasure/erasure-simFailure.go:50.42,52.16 1 0
github.com/DurantVivado/Grasure/erasure-simFailure.go:55.4,55.43 1 0
github.com/DurantVivado/Grasure/erasure-simFailure.go:52.16,54.5 1 0
github.com/DurantVivado/Grasure/erasure-simFailure.go:57.8,57.69 1 0
github.com/DurantVivado/Grasure/erasure-simFailure.go:57.69,61.34 1 0
github.com/DurantVivado/Grasure/erasure-simFailure.go:64.3,64.31 1 0
github.com/DurantVivado/Grasure/erasure-simFailure.go:61.34,63.4 1 0
github.com/DurantVivado/Grasure/erasure-simFailure.go:64.31,65.56 1 0
github.com/DurantVivado/Grasure/erasure-simFailure.go:65.56,71.60 4 0
github.com/DurantVivado/Grasure/erasure-simFailure.go:77.5,77.16 1 0
github.com/DurantVivado/Grasure/erasure-simFailure.go:71.60,73.66 1 0
github.com/DurantVivado/Grasure/erasure-simFailure.go:73.66,75.7 1 0
github.com/DurantVivado/Grasure/erasure-simFailure.go:79.9,82.11 3 0
github.com/DurantVivado/Grasure/erasure-simFailure.go:85.4,92.28 5 0
github.com/DurantVivado/Grasure/erasure-simFailure.go:82.11,84.5 1 0
github.com/DurantVivado/Grasure/erasure-simFailure.go:92.28,95.28 2 0
github.com/DurantVivado/Grasure/erasure-simFailure.go:95.28,98.6 1 0
github.com/DurantVivado/Grasure/erasure-simFailure.go:102.8,104.3 1 0
github.com/DurantVivado/Grasure/erasure-simFailure.go:108.37,109.35 1 0
github.com/DurantVivado/Grasure/erasure-simFailure.go:109.35,113.3 1 0
github.com/DurantVivado/Grasure/erasure-simFailure.go:118.40,119.44 1 0
github.com/DurantVivado/Grasure/erasure-simFailure.go:124.2,124.13 1 0
github.com/DurantVivado/Grasure/erasure-simFailure.go:119.44,120.19 1 0
github.com/DurantVivado/Grasure/erasure-simFailure.go:120.19,122.4 1 0
github.com/DurantVivado/Grasure/erasure-update.go:17.57,21.9 3 0
github.com/DurantVivado/Grasure/erasure-update.go:24.2,27.16 3 0
github.com/DurantVivado/Grasure/erasure-update.go:30.2,35.16 6 0
github.com/DurantVivado/Grasure/erasure-update.go:38.2,46.47 7 0
github.com/DurantVivado/Grasure/erasure-update.go:67.2,67.35 1 0
github.com/DurantVivado/Grasure/erasure-update.go:75.2,75.15 1 0
github.com/DurantVivado/Grasure/erasure-update.go:80.2,80.22 1 0
github.com/DurantVivado/Grasure/erasure-update.go:84.2,84.29 1 0
github.com/DurantVivado/Grasure/erasure-update.go:94.2,105.40 10 0
github.com/DurantVivado/Grasure/erasure-update.go:271.2,271.14 1 0
github.com/DurantVivado/Grasure/erasure-update.go:275.2,275.12 1 0
github.com/DurantVivado/Grasure/erasure-update.go:21.9,23.3 1 0
github.com/DurantVivado/Grasure/erasure-update.go:27.16,29.3 1 0
github.com/DurantVivado/Grasure/erasure-update.go:35.16,37.3 1 0
github.com/DurantVivado/Grasure/erasure-update.go:46.47,49.23 3 0
github.com/DurantVivado/Grasure/erasure-update.go:49.23,52.23 3 0
github.com/DurantVivado/Grasure/erasure-update.go:56.4,57.18 2 0
github.com/DurantVivado/Grasure/erasure-update.go:62.4,64.14 3 0
github.com/DurantVivado/Grasure/erasure-update.go:52.23,55.5 2 0
github.com/DurantVivado/Grasure/erasure-update.go:57.18,60.5 2 0
github.com/DurantVivado/Grasure/erasure-update.go:67.35,68.15 1 0
github.com/DurantVivado/Grasure/erasure-update.go:71.3,71.15 1 0
github.com/DurantVivado/Grasure/erasure-update.go:68.15,70.4 1 0
github.com/DurantVivado/Grasure/erasure-update.go:71.15,73.4 1 0
github.com/DurantVivado/Grasure/erasure-update.go:75.15,76.30 1 0
github.com/DurantVivado/Grasure/erasure-update.go:76.30,78.4 1 0
github.com/DurantVivado/Grasure/erasure-update.go:80.22,83.3 1 0
github.com/DurantVivado/Grasure/erasure-update.go:84.29,85.15 1 0
github.com/DurantVivado/Grasure/erasure-update.go:85.15,87.4 1 0
github.com/DurantVivado/Grasure/erasure-update.go:88.8,89.15 1 0
github.com/DurantVivado/Grasure/erasure-update.go:89.15,91.4 1 0
github.com/DurantVivado/Grasure/erasure-update.go:105.40,106.44 1 0
github.com/DurantVivado/Grasure/erasure-update.go:111.3,114.35 2 0
github.com/DurantVivado/Grasure/erasure-update.go:264.3,264.35 1 0
github.com/DurantVivado/Grasure/erasure-update.go:267.3,268.26 2 0
github.com/DurantVivado/Grasure/erasure-update.go:106.44,108.4 1 0
github.com/DurantVivado/Grasure/erasure-update.go:108.9,110.4 1 0
github.com/DurantVivado/Grasure/erasure-update.go:114.35,117.31 3 0
github.com/DurantVivado/Grasure/erasure-update.go:117.31,120.24 1 0
github.com/DurantVivado/Grasure/erasure-update.go:120.24,123.35 3 0
github.com/DurantVivado/Grasure/erasure-update.go:140.6,140.39 1 0
github.com/DurantVivado/Grasure/erasure-update.go:144.6,145.20 2 0
github.com/DurantVivado/Grasure/erasure-update.go:149.6,150.20 2 0
github.com/DurantVivado/Grasure/erasure-update.go:153.6,153.13 1 0
github.com/DurantVivado/Grasure/erasure-update.go:161.6,163.37 3 0
github.com/DurantVivado/Grasure/erasure-update.go:166.6,167.20 2 0
github.com/DurantVivado/Grasure/erasure-update.go:171.6,172.20 2 0
github.com/DurantVivado/Grasure/erasure-update.go:176.6,176.24 1 0
github.com/DurantVivado/Grasure/erasure-update.go:180.6,181.28 2 0
github.com/DurantVivado/Grasure/erasure-update.go:184.6,184.29 1 0
github.com/DurantVivado/Grasure/erasure-update.go:193.6,194.20 2 0
github.com/DurantVivado/Grasure/erasure-update.go:198.6,198.35 1 0
github.com/DurantVivado/Grasure/erasure-update.go:219.6,219.39 1 0
github.com/DurantVivado/Grasure/erasure-update.go:222.6,222.16 1 0
github.com/DurantVivado/Grasure/erasure-update.go:123.35,125.27 2 0
github.com/DurantVivado/Grasure/erasure-update.go:125.27,128.27 3 0
github.com/DurantVivado/Grasure/erasure-update.go:131.8,134.39 3 0
github.com/DurantVivado/Grasure/erasure-update.go:137.8,137.18 1 0
github.com/DurantVivado/Grasure/erasure-update.go:128.27,130.9 1 0
github.com/DurantVivado/Grasure/erasure-update.go:134.39,136.9 1 0
github.com/DurantVivado/Grasure/erasure-update.go:140.39,142.7 1 0
github.com/DurantVivado/Grasure/erasure-update.go:145.20,147.7 1 0
github.com/DurantVivado/Grasure/erasure-update.go:150.20,152.7 1 0
github.com/DurantVivado/Grasure/erasure-update.go:153.13,156.21 2 0
github.com/DurantVivado/Grasure/erasure-update.go:156.21,158.8 1 0
github.com/DurantVivado/Grasure/erasure-update.go:163.37,165.7 1 0
github.com/DurantVivado/Grasure/erasure-update.go:167.20,169.7 1 0
github.com/DurantVivado/Grasure/erasure-update.go:172.20,174.7 1 0
github.com/DurantVivado/Grasure/erasure-update.go:176.24,178.7 1 0
github.com/DurantVivado/Grasure/erasure-update.go:181.28,183.7 1 0
github.com/DurantVivado/Grasure/erasure-update.go:184.29,185.66 1 0
github.com/DurantVivado/Grasure/erasure-update.go:185.66,187.8 1 0
github.com/DurantVivado/Grasure/erasure-update.go:187.13,190.8 2 0
github.com/DurantVivado/Grasure/erasure-update.go:194.20,196.7 1 0
github.com/DurantVivado/Grasure/erasure-update.go:198.35,200.27 2 0
github.com/DurantVivado/Grasure/erasure-update.go:203.7,204.19 2 0
github.com/DurantVivado/Grasure/erasure-update.go:209.7,209.27 1 0
github.com/DurantVivado/Grasure/erasure-update.go:200.27,201.16 1 0
github.com/DurantVivado/Grasure/erasure-update.go:204.19,206.8 1 0
github.com/DurantVivado/Grasure/erasure-update.go:206.13,208.8 1 0
github.com/DurantVivado/Grasure/erasure-update.go:209.27,213.22 4 0
github.com/DurantVivado/Grasure/erasure-update.go:216.8,216.18 1 0
github.com/DurantVivado/Grasure/erasure-update.go:213.22,215.9 1 0
github.com/DurantVivado/Grasure/erasure-update.go:219.39,221.7 1 0
github.com/DurantVivado/Grasure/erasure-update.go:224.10,227.24 1 0
github.com/DurantVivado/Grasure/erasure-update.go:227.24,230.37 3 0
github.com/DurantVivado/Grasure/erasure-update.go:233.6,234.20 2 0
github.com/DurantVivado/Grasure/erasure-update.go:237.6,238.20 2 0
github.com/DurantVivado/Grasure/erasure-update.go:241.6,243.35 3 0
github.com/DurantVivado/Grasure/erasure-update.go:256.6,256.39 1 0
github.com/DurantVivado/Grasure/erasure-update.go:259.6,259.16 1 0
github.com/DurantVivado/Grasure/erasure-update.go:230.37,232.7 1 0
github.com/DurantVivado/Grasure/erasure-update.go:234.20,236.7 1 0
github.com/DurantVivado/Grasure/erasure-update.go:238.20,240.7 1 0
github.com/DurantVivado/Grasure/erasure-update.go:243.35,245.27 2 0
github.com/DurantVivado/Grasure/erasure-update.go:245.27,250.22 5 0
github.com/DurantVivado/Grasure/erasure-update.go:253.8,253.18 1 0
github.com/DurantVivado/Grasure/erasure-update.go:250.22,252.9 1 0
github.com/DurantVivado/Grasure/erasure-update.go:256.39,258.7 1 0
github.com/DurantVivado/Grasure/erasure-update.go:264.35,266.4 1 0
github.com/DurantVivado/Grasure/erasure-update.go:271.14,273.3 1 0
github.com/DurantVivado/Grasure/erasure-update.go:280.66,281.38 1 0
github.com/DurantVivado/Grasure/erasure-update.go:284.2,285.27 2 0
github.com/DurantVivado/Grasure/erasure-update.go:290.2,290.19 1 0
github.com/DurantVivado/Grasure/erasure-update.go:293.2,293.17 1 0
github.com/DurantVivado/Grasure/erasure-update.go:281.38,283.3 1 0
github.com/DurantVivado/Grasure/erasure-update.go:285.27,286.47 1 0
github.com/DurantVivado/Grasure/erasure-update.go:286.47,288.4 1 0
github.com/DurantVivado/Grasure/erasure-update.go:290.19,292.3 1 0
github.com/DurantVivado/Grasure/erasure-update.go:296.75,298.33 2 0
github.com/DurantVivado/Grasure/erasure-update.go:298.33,299.50 1 0
github.com/DurantVivado/Grasure/erasure-update.go:303.3,303.37 1 0
github.com/DurantVivado/Grasure/erasure-update.go:309.3,309.48 1 0
github.com/DurantVivado/Grasure/erasure-update.go:299.50,302.4 2 0
github.com/DurantVivado/Grasure/erasure-update.go:303.37,304.33 1 0
github.com/DurantVivado/Grasure/erasure-update.go:304.33,307.5 2 0
github.com/DurantVivado/Grasure/erasure-update.go:309.48,311.33 2 0
github.com/DurantVivado/Grasure/erasure-update.go:311.33,315.5 3 0
github.com/DurantVivado/Grasure/erasure-update.go:317.8,320.3 2 0
github.com/DurantVivado/Grasure/erasure-utils.go:22.33,23.16 1 1
github.com/DurantVivado/Grasure/erasure-utils.go:26.2,26.23 1 1
github.com/DurantVivado/Grasure/erasure-utils.go:23.16,25.3 1 1
github.com/DurantVivado/Grasure/erasure-utils.go:28.37,29.16 1 1
github.com/DurantVivado/Grasure/erasure-utils.go:32.2,33.11 2 1
github.com/DurantVivado/Grasure/erasure-utils.go:29.16,31.3 1 0
github.com/DurantVivado/Grasure/erasure-utils.go:35.32,36.16 1 1
github.com/DurantVivado/Grasure/erasure-utils.go:39.2,39.18 1 1
github.com/DurantVivado/Grasure/erasure-utils.go:42.2,42.16 1 1
github.com/DurantVivado/Grasure/erasure-utils.go:36.16,38.3 1 0
github.com/DurantVivado/Grasure/erasure-utils.go:39.18,41.3 1 1
github.com/DurantVivado/Grasure/erasure-utils.go:44.27,45.16 1 1
github.com/DurantVivado/Grasure/erasure-utils.go:49.2,49.24 1 1
github.com/DurantVivado/Grasure/erasure-utils.go:45.16,47.3 1 0
github.com/DurantVivado/Grasure/erasure-utils.go:49.24,51.3 1 1
github.com/DurantVivado/Grasure/erasure-utils.go:53.32,54.16 1 1
github.com/DurantVivado/Grasure/erasure-utils.go:57.2,57.22 1 1
github.com/DurantVivado/Grasure/erasure-utils.go:54.16,56.3 1 0
github.com/DurantVivado/Grasure/erasure-utils.go:59.30,60.16 1 0
github.com/DurantVivado/Grasure/erasure-utils.go:63.2,63.17 1 0
github.com/DurantVivado/Grasure/erasure-utils.go:60.16,62.3 1 0
github.com/DurantVivado/Grasure/erasure-utils.go:66.39,68.22 2 0
github.com/DurantVivado/Grasure/erasure-utils.go:71.2,71.12 1 0
github.com/DurantVivado/Grasure/erasure-utils.go:68.22,70.3 1 0
github.com/DurantVivado/Grasure/erasure-utils.go:75.46,78.6 3 0
github.com/DurantVivado/Grasure/erasure-utils.go:78.6,80.17 2 0
github.com/DurantVivado/Grasure/erasure-utils.go:83.3,84.63 2 0
github.com/DurantVivado/Grasure/erasure-utils.go:80.17,82.4 1 0
github.com/DurantVivado/Grasure/erasure-utils.go:84.63,86.4 1 0
github.com/DurantVivado/Grasure/erasure-utils.go:86.9,86.68 1 0
github.com/DurantVivado/Grasure/erasure-utils.go:86.68,88.4 1 0
github.com/DurantVivado/Grasure/erasure-utils.go:88.9,90.4 1 0
github.com/DurantVivado/Grasure/erasure-utils.go:98.43,100.16 2 1
github.com/DurantVivado/Grasure/erasure-utils.go:103.2,103.24 1 1
github.com/DurantVivado/Grasure/erasure-utils.go:106.2,106.19 1 0
github.com/DurantVivado/Grasure/erasure-utils.go:100.16,102.3 1 1
github.com/DurantVivado/Grasure/erasure-utils.go:103.24,105.3 1 1
github.com/DurantVivado/Grasure/erasure-utils.go:110.32,112.2 1 1
github.com/DurantVivado/Grasure/erasure-utils.go:115.38,117.2 1 1
github.com/DurantVivado/Grasure/erasure-utils.go:119.27,120.20 1 0
github.com/DurantVivado/Grasure/erasure-utils.go:123.2,124.27 2 0
github.com/DurantVivado/Grasure/erasure-utils.go:129.2,129.12 1 0
github.com/DurantVivado/Grasure/erasure-utils.go:120.20,122.3 1 0
github.com/DurantVivado/Grasure/erasure-utils.go:124.27,125.16 1 0
github.com/DurantVivado/Grasure/erasure-utils.go:125.16,127.4 1 0
github.com/DurantVivado/Grasure/erasure-utils.go:132.27,133.20 1 1
github.com/DurantVivado/Grasure/erasure-utils.go:136.2,137.27 2 1
github.com/DurantVivado/Grasure/erasure-utils.go:142.2,142.12 1 1
github.com/DurantVivado/Grasure/erasure-utils.go:133.20,135.3 1 0
github.com/DurantVivado/Grasure/erasure-utils.go:137.27,138.16 1 1
github.com/DurantVivado/Grasure/erasure-utils.go:138.16,140.4 1 1
github.com/DurantVivado/Grasure/erasure-utils.go:146.39,148.25 2 1
github.com/DurantVivado/Grasure/erasure-utils.go:151.2,152.42 2 1
github.com/DurantVivado/Grasure/erasure-utils.go:153.2,153.14 1 1
github.com/DurantVivado/Grasure/erasure-utils.go:148.25,150.3 1 1
github.com/DurantVivado/Grasure/erasure-utils.go:152.42,152.85 1 1
github.com/DurantVivado/Grasure/erasure-utils.go:157.29,159.25 2 0
github.com/DurantVivado/Grasure/erasure-utils.go:162.2,162.12 1 0
github.com/DurantVivado/Grasure/erasure-utils.go:159.25,161.3 1 0
github.com/DurantVivado/Grasure/erasure-utils.go:171.46,173.27 2 0
github.com/DurantVivado/Grasure/erasure-utils.go:179.2,179.14 1 0
github.com/DurantVivado/Grasure/erasure-utils.go:173.27,175.28 2 0
github.com/DurantVivado/Grasure/erasure-utils.go:175.28,177.4 1 0
github.com/DurantVivado/Grasure/erasure-utils.go:182.47,187.2 4 0
github.com/DurantVivado/Grasure/erasure-utils.go:189.25,191.2 1 0
github.com/DurantVivado/Grasure/erasure-utils.go:194.43,196.21 2 1
github.com/DurantVivado/Grasure/erasure-utils.go:199.2,199.12 1 1
github.com/DurantVivado/Grasure/erasure-utils.go:196.21,198.3 1 1
github.com/DurantVivado/Grasure/erasure-utils.go:203.41,205.21 2 1
github.com/DurantVivado/Grasure/erasure-utils.go:208.2,208.12 1 1
github.com/DurantVivado/Grasure/erasure-utils.go:205.21,207.3 1 1
github.com/DurantVivado/Grasure/erasure-utils.go:213.53,214.50 1 0
github.com/DurantVivado/Grasure/erasure-utils.go:217.2,217.50 1 0
github.com/DurantVivado/Grasure/erasure-utils.go:220.2,221.16 2 0
github.com/DurantVivado/Grasure/erasure-utils.go:224.2,226.16 3 0
github.com/DurantVivado/Grasure/erasure-utils.go:229.2,231.16 3 0
github.com/DurantVivado/Grasure/erasure-utils.go:234.2,235.16 2 0
github.com/DurantVivado/Grasure/erasure-utils.go:238.2,238.32 1 0
github.com/DurantVivado/Grasure/erasure-utils.go:214.50,216.3 1 0
github.com/DurantVivado/Grasure/erasure-utils.go:217.50,219.3 1 0
github.com/DurantVivado/Grasure/erasure-utils.go:221.16,223.3 1 0
github.com/DurantVivado/Grasure/erasure-utils.go:226.16,228.3 1 0
github.com/DurantVivado/Grasure/erasure-utils.go:231.16,233.3 1 0
github.com/DurantVivado/Grasure/erasure-utils.go:235.16,237.3 1 0
github.com/DurantVivado/Grasure/erasure-utils.go:242.42,244.41 2 1
github.com/DurantVivado/Grasure/erasure-utils.go:247.2,248.17 2 1
github.com/DurantVivado/Grasure/erasure-utils.go:244.41,246.3 1 0
github.com/DurantVivado/Grasure/erasure-utils.go:252.27,253.33 1 0
github.com/DurantVivado/Grasure/erasure-utils.go:253.33,255.42 2 0
github.com/DurantVivado/Grasure/erasure-utils.go:255.42,258.4 2 0
github.com/DurantVivado/Grasure/erasure-utils.go:263.40,268.27 5 0
github.com/DurantVivado/Grasure/erasure-utils.go:275.2,275.12 1 0
github.com/DurantVivado/Grasure/erasure-utils.go:268.27,270.47 2 0
github.com/DurantVivado/Grasure/erasure-utils.go:270.47,273.4 2 0
github.com/DurantVivado/Grasure/erasure-utils.go:279.56,281.16 2 1
github.com/DurantVivado/Grasure/erasure-utils.go:284.2,286.16 3 1
github.com/DurantVivado/Grasure/erasure-utils.go:289.2,290.30 2 1
github.com/DurantVivado/Grasure/erasure-utils.go:281.16,283.3 1 0
github.com/DurantVivado/Grasure/erasure-utils.go:286.16,288.3 1 0
github.com/DurantVivado/Grasure/sga.go:19.121,25.33 3 1
github.com/DurantVivado/Grasure/sga.go:31.2,31.22 1 1
github.com/DurantVivado/Grasure/sga.go:35.2,35.23 1 1
github.com/DurantVivado/Grasure/sga.go:43.2,58.33 11 1
github.com/DurantVivado/Grasure/sga.go:86.2,87.32 2 1
github.com/DurantVivado/Grasure/sga.go:90.2,100.20 6 1
github.com/DurantVivado/Grasure/sga.go:179.2,187.33 4 1
github.com/DurantVivado/Grasure/sga.go:201.2,201.14 1 1
github.com/DurantVivado/Grasure/sga.go:214.2,214.17 1 1
github.com/DurantVivado/Grasure/sga.go:217.2,219.33 3 0
github.com/DurantVivado/Grasure/sga.go:229.2,229.18 1 0
github.com/DurantVivado/Grasure/sga.go:233.2,242.32 6 0
github.com/DurantVivado/Grasure/sga.go:262.2,262.45 1 0
github.com/DurantVivado/Grasure/sga.go:25.33,26.32 1 1
github.com/DurantVivado/Grasure/sga.go:26.32,29.4 2 1
github.com/DurantVivado/Grasure/sga.go:31.22,33.3 1 0
github.com/DurantVivado/Grasure/sga.go:35.23,37.3 1 0
github.com/DurantVivado/Grasure/sga.go:58.33,61.32 3 1
github.com/DurantVivado/Grasure/sga.go:77.3,77.18 1 1
github.com/DurantVivado/Grasure/sga.go:80.3,80.12 1 1
github.com/DurantVivado/Grasure/sga.go:61.32,62.37 1 1
github.com/DurantVivado/Grasure/sga.go:62.37,64.35 1 1
github.com/DurantVivado/Grasure/sga.go:69.5,70.17 2 1
github.com/DurantVivado/Grasure/sga.go:64.35,66.6 1 1
github.com/DurantVivado/Grasure/sga.go:66.11,68.6 1 1
github.com/DurantVivado/Grasure/sga.go:71.10,74.5 2 1
github.com/DurantVivado/Grasure/sga.go:77.18,79.4 1 1
github.com/DurantVivado/Grasure/sga.go:80.12,84.4 2 1
github.com/DurantVivado/Grasure/sga.go:87.32,89.3 1 1
github.com/DurantVivado/Grasure/sga.go:100.20,108.34 7 1
github.com/DurantVivado/Grasure/sga.go:121.3,121.25 1 1
github.com/DurantVivado/Grasure/sga.go:127.3,128.30 2 1
github.com/DurantVivado/Grasure/sga.go:145.3,145.22 1 1
github.com/DurantVivado/Grasure/sga.go:176.3,176.29 1 1
github.com/DurantVivado/Grasure/sga.go:108.34,109.85 1 1
github.com/DurantVivado/Grasure/sga.go:109.85,111.26 2 1
github.com/DurantVivado/Grasure/sga.go:111.26,115.6 3 1
github.com/DurantVivado/Grasure/sga.go:115.11,115.34 1 1
github.com/DurantVivado/Grasure/sga.go:115.34,117.6 1 1
github.com/DurantVivado/Grasure/sga.go:121.25,123.12 2 0
github.com/DurantVivado/Grasure/sga.go:128.30,129.31 1 1
github.com/DurantVivado/Grasure/sga.go:129.31,130.26 1 1
github.com/DurantVivado/Grasure/sga.go:138.5,138.23 1 1
github.com/DurantVivado/Grasure/sga.go:130.26,136.11 6 1
github.com/DurantVivado/Grasure/sga.go:138.23,139.11 1 1
github.com/DurantVivado/Grasure/sga.go:145.22,146.31 1 1
github.com/DurantVivado/Grasure/sga.go:146.31,147.35 1 1
github.com/DurantVivado/Grasure/sga.go:168.5,168.36 1 1
github.com/DurantVivado/Grasure/sga.go:171.5,171.23 1 1
github.com/DurantVivado/Grasure/sga.go:147.35,148.37 1 1
github.com/DurantVivado/Grasure/sga.go:164.6,164.24 1 1
github.com/DurantVivado/Grasure/sga.go:148.37,153.39 1 1
github.com/DurantVivado/Grasure/sga.go:153.39,160.13 6 1
github.com/DurantVivado/Grasure/sga.go:164.24,165.12 1 1
github.com/DurantVivado/Grasure/sga.go:168.36,170.6 1 1
github.com/DurantVivado/Grasure/sga.go:171.23,172.11 1 1
github.com/DurantVivado/Grasure/sga.go:187.33,188.29 1 1
github.com/DurantVivado/Grasure/sga.go:188.29,189.33 1 1
github.com/DurantVivado/Grasure/sga.go:189.33,190.72 1 1
github.com/DurantVivado/Grasure/sga.go:190.72,195.6 4 1
github.com/DurantVivado/Grasure/sga.go:197.9,199.4 1 1
github.com/DurantVivado/Grasure/sga.go:201.14,205.3 3 0
github.com/DurantVivado/Grasure/sga.go:214.17,216.3 1 1
github.com/DurantVivado/Grasure/sga.go:219.33,220.34 1 0
github.com/DurantVivado/Grasure/sga.go:220.34,222.92 1 0
github.com/DurantVivado/Grasure/sga.go:222.92,226.5 3 0
github.com/DurantVivado/Grasure/sga.go:229.18,231.3 1 0
github.com/DurantVivado/Grasure/sga.go:242.32,243.35 1 0
github.com/DurantVivado/Grasure/sga.go:243.35,247.36 4 0
github.com/DurantVivado/Grasure/sga.go:251.4,251.37 1 0
github.com/DurantVivado/Grasure/sga.go:247.36,250.5 2 0
github.com/DurantVivado/Grasure/sga.go:251.37,252.25 1 0
github.com/DurantVivado/Grasure/sga.go:252.25,256.11 4 0
github.com/DurantVivado/Grasure/sga.go:265.62,266.26 1 0
github.com/DurantVivado/Grasure/sga.go:277.2,277.14 1 0
github.com/DurantVivado/Grasure/sga.go:266.26,267.28 1 0
github.com/DurantVivado/Grasure/sga.go:267.28,268.28 1 0
github.com/DurantVivado/Grasure/sga.go:268.28,269.30 1 0
github.com/DurantVivado/Grasure/sga.go:269.30,270.16 1 0
github.com/DurantVivado/Grasure/sga.go:270.16,272.7 1 0
github.com/DurantVivado/Grasure/erasure-encode.go:16.66,18.62 2 1
github.com/DurantVivado/Grasure/erasure-encode.go:22.2,23.16 2 1
github.com/DurantVivado/Grasure/erasure-encode.go:26.2,29.16 3 1
github.com/DurantVivado/Grasure/erasure-encode.go:32.2,37.16 6 1
github.com/DurantVivado/Grasure/erasure-encode.go:41.2,56.41 6 1
github.com/DurantVivado/Grasure/erasure-encode.go:80.2,80.35 1 1
github.com/DurantVivado/Grasure/erasure-encode.go:83.2,100.40 6 1
github.com/DurantVivado/Grasure/erasure-encode.go:155.2,155.20 1 1
github.com/DurantVivado/Grasure/erasure-encode.go:160.2,162.35 3 1
github.com/DurantVivado/Grasure/erasure-encode.go:169.2,169.14 1 1
github.com/DurantVivado/Grasure/erasure-encode.go:173.2,173.16 1 1
github.com/DurantVivado/Grasure/erasure-encode.go:18.62,21.3 1 0
github.com/DurantVivado/Grasure/erasure-encode.go:23.16,25.3 1 0
github.com/DurantVivado/Grasure/erasure-encode.go:29.16,31.3 1 0
github.com/DurantVivado/Grasure/erasure-encode.go:37.16,39.3 1 0
github.com/DurantVivado/Grasure/erasure-encode.go:56.41,59.23 2 1
github.com/DurantVivado/Grasure/erasure-encode.go:59.23,62.18 2 1
github.com/DurantVivado/Grasure/erasure-encode.go:67.4,67.53 1 1
github.com/DurantVivado/Grasure/erasure-encode.go:71.4,74.18 3 1
github.com/DurantVivado/Grasure/erasure-encode.go:77.4,77.14 1 1
github.com/DurantVivado/Grasure/erasure-encode.go:62.18,63.52 1 1
github.com/DurantVivado/Grasure/erasure-encode.go:63.52,65.6 1 0
github.com/DurantVivado/Grasure/erasure-encode.go:67.53,69.5 1 0
github.com/DurantVivado/Grasure/erasure-encode.go:74.18,76.5 1 0
github.com/DurantVivado/Grasure/erasure-encode.go:80.35,82.3 1 0
github.com/DurantVivado/Grasure/erasure-encode.go:100.40,101.41 1 1
github.com/DurantVivado/Grasure/erasure-encode.go:106.3,108.35 2 1
github.com/DurantVivado/Grasure/erasure-encode.go:147.3,147.35 1 1
github.com/DurantVivado/Grasure/erasure-encode.go:150.3,152.26 2 1
github.com/DurantVivado/Grasure/erasure-encode.go:101.41,103.4 1 0
github.com/DurantVivado/Grasure/erasure-encode.go:103.9,105.4 1 1
github.com/DurantVivado/Grasure/erasure-encode.go:108.35,111.23 3 1
github.com/DurantVivado/Grasure/erasure-encode.go:111.23,113.36 2 1
github.com/DurantVivado/Grasure/erasure-encode.go:117.5,118.19 2 1
github.com/DurantVivado/Grasure/erasure-encode.go:122.5,128.34 4 1
github.com/DurantVivado/Grasure/erasure-encode.go:141.5,141.38 1 1
github.com/DurantVivado/Grasure/erasure-encode.go:144.5,144.15 1 1
github.com/DurantVivado/Grasure/erasure-encode.go:113.36,115.6 1 0
github.com/DurantVivado/Grasure/erasure-encode.go:118.19,120.6 1 0
github.com/DurantVivado/Grasure/erasure-encode.go:128.34,131.26 3 1
github.com/DurantVivado/Grasure/erasure-encode.go:131.26,134.21 3 1
github.com/DurantVivado/Grasure/erasure-encode.go:137.7,137.17 1 1
github.com/DurantVivado/Grasure/erasure-encode.go:134.21,136.8 1 0
github.com/DurantVivado/Grasure/erasure-encode.go:141.38,143.6 1 0
github.com/DurantVivado/Grasure/erasure-encode.go:147.35,149.4 1 0
github.com/DurantVivado/Grasure/erasure-encode.go:155.20,157.3 1 1
github.com/DurantVivado/Grasure/erasure-encode.go:162.35,164.42 2 1
github.com/DurantVivado/Grasure/erasure-encode.go:164.42,166.4 1 1
github.com/DurantVivado/Grasure/erasure-encode.go:169.14,172.3 1 0
github.com/DurantVivado/Grasure/erasure-encode.go:177.61,178.20 1 1
github.com/DurantVivado/Grasure/erasure-encode.go:181.2,182.16 2 1
github.com/DurantVivado/Grasure/erasure-encode.go:185.2,185.46 1 1
github.com/DurantVivado/Grasure/erasure-encode.go:188.2,188.21 1 1
github.com/DurantVivado/Grasure/erasure-encode.go:178.20,180.3 1 0
github.com/DurantVivado/Grasure/erasure-encode.go:182.16,184.3 1 0
github.com/DurantVivado/Grasure/erasure-encode.go:185.46,187.3 1 0
github.com/DurantVivado/Grasure/erasure-encode.go:194.57,195.19 1 0
github.com/DurantVivado/Grasure/erasure-encode.go:198.2,199.36 2 0
github.com/DurantVivado/Grasure/erasure-encode.go:195.19,197.3 1 0
github.com/DurantVivado/Grasure/erasure-init.go:21.40,25.16 4 1
github.com/DurantVivado/Grasure/erasure-init.go:28.2,31.6 4 1
github.com/DurantVivado/Grasure/erasure-init.go:55.2,55.12 1 1
github.com/DurantVivado/Grasure/erasure-init.go:25.16,27.3 1 0
github.com/DurantVivado/Grasure/erasure-init.go:31.6,33.20 2 1
github.com/DurantVivado/Grasure/erasure-init.go:36.3,36.17 1 1
github.com/DurantVivado/Grasure/erasure-init.go:39.3,40.52 2 1
github.com/DurantVivado/Grasure/erasure-init.go:45.3,47.55 3 1
github.com/DurantVivado/Grasure/erasure-init.go:52.3,53.46 2 1
github.com/DurantVivado/Grasure/erasure-init.go:33.20,34.9 1 1
github.com/DurantVivado/Grasure/erasure-init.go:36.17,38.4 1 0
github.com/DurantVivado/Grasure/erasure-init.go:40.52,42.4 1 0
github.com/DurantVivado/Grasure/erasure-init.go:42.9,42.24 1 1
github.com/DurantVivado/Grasure/erasure-init.go:42.24,44.4 1 0
github.com/DurantVivado/Grasure/erasure-init.go:47.55,49.4 1 1
github.com/DurantVivado/Grasure/erasure-init.go:49.9,49.24 1 1
github.com/DurantVivado/Grasure/erasure-init.go:49.24,51.4 1 0
github.com/DurantVivado/Grasure/erasure-init.go:62.49,63.14 1 1
github.com/DurantVivado/Grasure/erasure-init.go:66.2,66.13 1 1
github.com/DurantVivado/Grasure/erasure-init.go:73.2,73.26 1 1
github.com/DurantVivado/Grasure/erasure-init.go:77.2,77.19 1 1
github.com/DurantVivado/Grasure/erasure-init.go:80.2,80.25 1 1
github.com/DurantVivado/Grasure/erasure-init.go:83.2,83.34 1 1
github.com/DurantVivado/Grasure/erasure-init.go:86.2,86.22 1 1
github.com/DurantVivado/Grasure/erasure-init.go:91.2,91.27 1 1
github.com/DurantVivado/Grasure/erasure-init.go:94.2,95.16 2 1
github.com/DurantVivado/Grasure/erasure-init.go:98.2,98.14 1 1
github.com/DurantVivado/Grasure/erasure-init.go:102.2,102.12 1 1
github.com/DurantVivado/Grasure/erasure-init.go:63.14,65.3 1 0
github.com/DurantVivado/Grasure/erasure-init.go:66.13,67.64 1 0
github.com/DurantVivado/Grasure/erasure-init.go:67.64,69.4 1 0
github.com/DurantVivado/Grasure/erasure-init.go:69.9,69.24 1 0
github.com/DurantVivado/Grasure/erasure-init.go:69.24,71.4 1 0
github.com/DurantVivado/Grasure/erasure-init.go:73.26,75.3 1 0
github.com/DurantVivado/Grasure/erasure-init.go:77.19,79.3 1 0
github.com/DurantVivado/Grasure/erasure-init.go:80.25,82.3 1 0
github.com/DurantVivado/Grasure/erasure-init.go:83.34,85.3 1 0
github.com/DurantVivado/Grasure/erasure-init.go:86.22,88.3 1 0
github.com/DurantVivado/Grasure/erasure-init.go:91.27,93.3 1 0
github.com/DurantVivado/Grasure/erasure-init.go:95.16,97.3 1 0
github.com/DurantVivado/Grasure/erasure-init.go:98.14,101.3 1 0
github.com/DurantVivado/Grasure/erasure-init.go:106.33,110.47 2 1
github.com/DurantVivado/Grasure/erasure-init.go:130.2,130.33 1 1
github.com/DurantVivado/Grasure/erasure-init.go:133.2,133.12 1 1
github.com/DurantVivado/Grasure/erasure-init.go:110.47,113.17 3 1
github.com/DurantVivado/Grasure/erasure-init.go:116.3,116.22 1 1
github.com/DurantVivado/Grasure/erasure-init.go:119.3,119.21 1 1
github.com/DurantVivado/Grasure/erasure-init.go:113.17,115.4 1 0
github.com/DurantVivado/Grasure/erasure-init.go:116.22,117.12 1 0
github.com/DurantVivado/Grasure/erasure-init.go:119.21,120.31 1 1
github.com/DurantVivado/Grasure/erasure-init.go:127.4,127.14 1 1
github.com/DurantVivado/Grasure/erasure-init.go:120.31,122.19 2 1
github.com/DurantVivado/Grasure/erasure-init.go:122.19,124.6 1 0
github.com/DurantVivado/Grasure/erasure-init.go:130.33,132.3 1 0
github.com/DurantVivado/Grasure/erasure-init.go:137.39,144.52 2 1
github.com/DurantVivado/Grasure/erasure-init.go:148.2,149.16 2 1
github.com/DurantVivado/Grasure/erasure-init.go:153.2,154.16 2 1
github.com/DurantVivado/Grasure/erasure-init.go:157.2,158.16 2 1
github.com/DurantVivado/Grasure/erasure-init.go:161.2,161.12 1 1
github.com/DurantVivado/Grasure/erasure-init.go:144.52,147.3 2 0
github.com/DurantVivado/Grasure/erasure-init.go:149.16,151.3 1 0
github.com/DurantVivado/Grasure/erasure-init.go:154.16,156.3 1 0
github.com/DurantVivado/Grasure/erasure-init.go:158.16,160.3 1 0
github.com/DurantVivado/Grasure/erasure-init.go:167.38,171.59 3 1
github.com/DurantVivado/Grasure/erasure-init.go:181.2,182.16 2 1
github.com/DurantVivado/Grasure/erasure-init.go:185.2,186.16 2 1
github.com/DurantVivado/Grasure/erasure-init.go:204.2,209.16 2 1
github.com/DurantVivado/Grasure/erasure-init.go:212.2,215.42 3 1
github.com/DurantVivado/Grasure/erasure-init.go:219.2,219.31 1 1
github.com/DurantVivado/Grasure/erasure-init.go:241.2,248.12 2 1
github.com/DurantVivado/Grasure/erasure-init.go:171.59,175.17 2 0
github.com/DurantVivado/Grasure/erasure-init.go:175.17,177.4 1 0
github.com/DurantVivado/Grasure/erasure-init.go:178.8,178.23 1 1
github.com/DurantVivado/Grasure/erasure-init.go:178.23,180.3 1 0
github.com/DurantVivado/Grasure/erasure-init.go:182.16,184.3 1 0
github.com/DurantVivado/Grasure/erasure-init.go:186.16,190.17 2 0
github.com/DurantVivado/Grasure/erasure-init.go:194.3,195.17 2 0
github.com/DurantVivado/Grasure/erasure-init.go:198.3,199.17 2 0
github.com/DurantVivado/Grasure/erasure-init.go:190.17,192.4 1 0
github.com/DurantVivado/Grasure/erasure-init.go:195.17,197.4 1 0
github.com/DurantVivado/Grasure/erasure-init.go:199.17,201.4 1 0
github.com/DurantVivado/Grasure/erasure-init.go:209.16,211.3 1 0
github.com/DurantVivado/Grasure/erasure-init.go:215.42,217.3 1 1
github.com/DurantVivado/Grasure/erasure-init.go:219.31,224.35 5 0
github.com/DurantVivado/Grasure/erasure-init.go:234.3,234.27 1 0
github.com/DurantVivado/Grasure/erasure-init.go:237.3,237.33 1 0
github.com/DurantVivado/Grasure/erasure-init.go:224.35,226.42 2 0
github.com/DurantVivado/Grasure/erasure-init.go:226.42,231.5 4 0
github.com/DurantVivado/Grasure/erasure-init.go:234.27,236.4 1 0
github.com/DurantVivado/Grasure/erasure-init.go:253.48,255.31 2 1
github.com/DurantVivado/Grasure/erasure-init.go:265.2,265.12 1 1
github.com/DurantVivado/Grasure/erasure-init.go:255.31,260.17 5 1
github.com/DurantVivado/Grasure/erasure-init.go:260.17,262.4 1 0
github.com/DurantVivado/Grasure/erasure-init.go:271.39,276.16 4 1
github.com/DurantVivado/Grasure/erasure-init.go:279.2,285.46 2 1
github.com/DurantVivado/Grasure/erasure-init.go:289.2,291.16 2 1
github.com/DurantVivado/Grasure/erasure-init.go:294.2,296.16 3 1
github.com/DurantVivado/Grasure/erasure-init.go:299.2,302.16 3 1
github.com/DurantVivado/Grasure/erasure-init.go:305.2,305.12 1 1
github.com/DurantVivado/Grasure/erasure-init.go:276.16,278.3 1 0
github.com/DurantVivado/Grasure/erasure-init.go:285.46,288.3 2 1
github.com/DurantVivado/Grasure/erasure-init.go:291.16,293.3 1 0
github.com/DurantVivado/Grasure/erasure-init.go:296.16,298.3 1 0
github.com/DurantVivado/Grasure/erasure-init.go:302.16,304.3 1 0
github.com/DurantVivado/Grasure/erasure-init.go:309.41,311.41 1 0
github.com/DurantVivado/Grasure/erasure-init.go:323.2,323.12 1 0
github.com/DurantVivado/Grasure/erasure-init.go:311.41,314.59 3 0
github.com/DurantVivado/Grasure/erasure-init.go:317.3,318.17 2 0
github.com/DurantVivado/Grasure/erasure-init.go:321.3,321.8 1 0
github.com/DurantVivado/Grasure/erasure-init.go:314.59,315.12 1 0
github.com/DurantVivado/Grasure/erasure-init.go:318.17,320.4 1 0
github.com/DurantVivado/Grasure/erasure-init.go:327.47,330.27 1 1
github.com/DurantVivado/Grasure/erasure-init.go:333.2,333.41 1 1
github.com/DurantVivado/Grasure/erasure-init.go:344.2,344.12 1 1
github.com/DurantVivado/Grasure/erasure-init.go:330.27,332.3 1 0
github.com/DurantVivado/Grasure/erasure-init.go:333.41,336.59 3 1
github.com/DurantVivado/Grasure/erasure-init.go:339.3,340.17 2 1
github.com/DurantVivado/Grasure/erasure-init.go:336.59,337.12 1 1
github.com/DurantVivado/Grasure/erasure-init.go:340.17,342.4 1 0
github.com/DurantVivado/Grasure/erasure-init.go:350.53,352.48 2 0
github.com/DurantVivado/Grasure/erasure-init.go:356.2,358.47 2 0
github.com/DurantVivado/Grasure/erasure-init.go:376.2,376.33 1 0
github.com/DurantVivado/Grasure/erasure-init.go:379.2,381.14 2 0
github.com/DurantVivado/Grasure/erasure-init.go:384.2,384.12 1 0
github.com/DurantVivado/Grasure/erasure-init.go:352.48,355.3 1 0
github.com/DurantVivado/Grasure/erasure-init.go:358.47,361.17 3 0
github.com/DurantVivado/Grasure/erasure-init.go:364.3,364.22 1 0
github.com/DurantVivado/Grasure/erasure-init.go:367.3,367.21 1 0
github.com/DurantVivado/Grasure/erasure-init.go:361.17,363.4 1 0
github.com/DurantVivado/Grasure/erasure-init.go:364.22,365.12 1 0
github.com/DurantVivado/Grasure/erasure-init.go:367.21,370.18 2 0
github.com/DurantVivado/Grasure/erasure-init.go:373.4,373.14 1 0
github.com/DurantVivado/Grasure/erasure-init.go:370.18,372.5 1 0
github.com/DurantVivado/Grasure/erasure-init.go:376.33,378.3 1 0
github.com/DurantVivado/Grasure/erasure-init.go:381.14,383.3 1 0
github.com/DurantVivado/Grasure/erasure-init.go:388.67,394.47 3 0
github.com/DurantVivado/Grasure/erasure-init.go:414.2,414.33 1 0
github.com/DurantVivado/Grasure/erasure-init.go:418.2,418.48 1 0
github.com/DurantVivado/Grasure/erasure-init.go:421.2,421.18 1 0
github.com/DurantVivado/Grasure/erasure-init.go:394.47,397.17 3 0
github.com/DurantVivado/Grasure/erasure-init.go:400.3,400.22 1 0
github.com/DurantVivado/Grasure/erasure-init.go:403.3,403.21 1 0
github.com/DurantVivado/Grasure/erasure-init.go:397.17,399.4 1 0
github.com/DurantVivado/Grasure/erasure-init.go:400.22,401.12 1 0
github.com/DurantVivado/Grasure/erasure-init.go:403.21,406.56 2 0
github.com/DurantVivado/Grasure/erasure-init.go:411.4,411.14 1 0
github.com/DurantVivado/Grasure/erasure-init.go:406.56,408.5 1 0
github.com/DurantVivado/Grasure/erasure-init.go:408.10,408.25 1 0
github.com/DurantVivado/Grasure/erasure-init.go:408.25,410.5 1 0
github.com/DurantVivado/Grasure/erasure-init.go:414.33,416.3 1 0
github.com/DurantVivado/Grasure/erasure-init.go:418.48,420.3 1 0
github.com/DurantVivado/Grasure/erasure-layout.go:5.48,6.15 1 1
github.com/DurantVivado/Grasure/erasure-layout.go:9.2,13.33 5 1
github.com/DurantVivado/Grasure/erasure-layout.go:6.15,8.3 1 0
github.com/DurantVivado/Grasure/erasure-layout.go:13.33,15.32 2 1
github.com/DurantVivado/Grasure/erasure-layout.go:15.32,19.4 3 1
github.com/DurantVivado/Grasure/erasure-read.go:19.86,22.9 3 1
github.com/DurantVivado/Grasure/erasure-read.go:25.2,36.47 8 1
github.com/DurantVivado/Grasure/erasure-read.go:56.2,56.35 1 1
github.com/DurantVivado/Grasure/erasure-read.go:61.2,61.15 1 1
github.com/DurantVivado/Grasure/erasure-read.go:68.2,68.22 1 1
github.com/DurantVivado/Grasure/erasure-read.go:76.2,78.29 2 1
github.com/DurantVivado/Grasure/erasure-read.go:96.2,97.16 2 1
github.com/DurantVivado/Grasure/erasure-read.go:100.2,117.40 6 1
github.com/DurantVivado/Grasure/erasure-read.go:236.2,236.21 1 1
github.com/DurantVivado/Grasure/erasure-read.go:346.2,346.14 1 1
github.com/DurantVivado/Grasure/erasure-read.go:359.2,359.12 1 1
github.com/DurantVivado/Grasure/erasure-read.go:22.9,24.3 1 0
github.com/DurantVivado/Grasure/erasure-read.go:36.47,39.23 3 1
github.com/DurantVivado/Grasure/erasure-read.go:39.23,42.23 3 1
github.com/DurantVivado/Grasure/erasure-read.go:45.4,46.18 2 1
github.com/DurantVivado/Grasure/erasure-read.go:51.4,53.14 3 1
github.com/DurantVivado/Grasure/erasure-read.go:42.23,44.5 1 1
github.com/DurantVivado/Grasure/erasure-read.go:46.18,49.5 2 0
github.com/DurantVivado/Grasure/erasure-read.go:56.35,57.15 1 1
github.com/DurantVivado/Grasure/erasure-read.go:57.15,59.4 1 0
github.com/DurantVivado/Grasure/erasure-read.go:61.15,62.34 1 1
github.com/DurantVivado/Grasure/erasure-read.go:62.34,63.21 1 1
github.com/DurantVivado/Grasure/erasure-read.go:63.21,65.5 1 1
github.com/DurantVivado/Grasure/erasure-read.go:68.22,71.3 1 0
github.com/DurantVivado/Grasure/erasure-read.go:78.29,79.15 1 0
github.com/DurantVivado/Grasure/erasure-read.go:79.15,81.4 1 0
github.com/DurantVivado/Grasure/erasure-read.go:82.8,83.15 1 1
github.com/DurantVivado/Grasure/erasure-read.go:87.3,87.22 1 1
github.com/DurantVivado/Grasure/erasure-read.go:83.15,85.4 1 0
github.com/DurantVivado/Grasure/erasure-read.go:87.22,89.18 2 1
github.com/DurantVivado/Grasure/erasure-read.go:89.18,91.5 1 0
github.com/DurantVivado/Grasure/erasure-read.go:97.16,99.3 1 0
github.com/DurantVivado/Grasure/erasure-read.go:117.40,118.41 1 1
github.com/DurantVivado/Grasure/erasure-read.go:123.3,125.35 3 1
github.com/DurantVivado/Grasure/erasure-read.go:230.3,230.35 1 1
github.com/DurantVivado/Grasure/erasure-read.go:233.3,234.26 2 1
github.com/DurantVivado/Grasure/erasure-read.go:118.41,120.4 1 0
github.com/DurantVivado/Grasure/erasure-read.go:120.9,122.4 1 1
github.com/DurantVivado/Grasure/erasure-read.go:125.35,129.17 3 1
github.com/DurantVivado/Grasure/erasure-read.go:129.17,135.34 4 1
github.com/DurantVivado/Grasure/erasure-read.go:157.5,157.38 1 1
github.com/DurantVivado/Grasure/erasure-read.go:161.5,162.19 2 1
github.com/DurantVivado/Grasure/erasure-read.go:166.5,167.19 2 1
github.com/DurantVivado/Grasure/erasure-read.go:171.5,171.32 1 1
github.com/DurantVivado/Grasure/erasure-read.go:201.5,201.30 1 1
github.com/DurantVivado/Grasure/erasure-read.go:223.5,223.38 1 1
github.com/DurantVivado/Grasure/erasure-read.go:226.5,226.15 1 1
github.com/DurantVivado/Grasure/erasure-read.go:135.34,140.51 5 1
github.com/DurantVivado/Grasure/erasure-read.go:144.6,144.26 1 1
github.com/DurantVivado/Grasure/erasure-read.go:140.51,142.15 2 1
github.com/DurantVivado/Grasure/erasure-read.go:144.26,151.38 3 1
github.com/DurantVivado/Grasure/erasure-read.go:154.7,154.17 1 1
github.com/DurantVivado/Grasure/erasure-read.go:151.38,153.8 1 0
github.com/DurantVivado/Grasure/erasure-read.go:157.38,159.6 1 0
github.com/DurantVivado/Grasure/erasure-read.go:162.19,164.6 1 0
github.com/DurantVivado/Grasure/erasure-read.go:167.19,169.6 1 0
github.com/DurantVivado/Grasure/erasure-read.go:171.32,173.25 1 1
github.com/DurantVivado/Grasure/erasure-read.go:185.6,185.20 1 1
github.com/DurantVivado/Grasure/erasure-read.go:188.6,189.42 2 1
github.com/DurantVivado/Grasure/erasure-read.go:173.25,179.7 1 1
github.com/DurantVivado/Grasure/erasure-read.go:179.12,184.7 1 0
github.com/DurantVivado/Grasure/erasure-read.go:185.20,187.7 1 0
github.com/DurantVivado/Grasure/erasure-read.go:189.42,190.39 1 1
github.com/DurantVivado/Grasure/erasure-read.go:190.39,193.26 3 1
github.com/DurantVivado/Grasure/erasure-read.go:193.26,194.14 1 1
github.com/DurantVivado/Grasure/erasure-read.go:201.30,204.45 3 1
github.com/DurantVivado/Grasure/erasure-read.go:212.6,212.26 1 1
github.com/DurantVivado/Grasure/erasure-read.go:204.45,207.21 3 1
github.com/DurantVivado/Grasure/erasure-read.go:210.7,210.12 1 1
github.com/DurantVivado/Grasure/erasure-read.go:207.21,209.8 1 0
github.com/DurantVivado/Grasure/erasure-read.go:212.26,215.21 2 1
github.com/DurantVivado/Grasure/erasure-read.go:219.7,219.17 1 1
github.com/DurantVivado/Grasure/erasure-read.go:215.21,217.8 1 0
github.com/DurantVivado/Grasure/erasure-read.go:223.38,225.6 1 0
github.com/DurantVivado/Grasure/erasure-read.go:230.35,232.4 1 0
github.com/DurantVivado/Grasure/erasure-read.go:236.21,239.38 2 0
github.com/DurantVivado/Grasure/erasure-read.go:239.38,243.35 4 0
github.com/DurantVivado/Grasure/erasure-read.go:340.4,340.36 1 0
github.com/DurantVivado/Grasure/erasure-read.go:343.4,343.26 1 0
github.com/DurantVivado/Grasure/erasure-read.go:243.35,246.24 3 0
github.com/DurantVivado/Grasure/erasure-read.go:246.24,252.35 4 0
github.com/DurantVivado/Grasure/erasure-read.go:274.6,274.39 1 0
github.com/DurantVivado/Grasure/erasure-read.go:278.6,279.20 2 0
github.com/DurantVivado/Grasure/erasure-read.go:289.6,294.20 2 0
github.com/DurantVivado/Grasure/erasure-read.go:298.6,299.59 2 0
github.com/DurantVivado/Grasure/erasure-read.go:312.6,312.31 1 0
github.com/DurantVivado/Grasure/erasure-read.go:334.6,334.39 1 0
github.com/DurantVivado/Grasure/erasure-read.go:337.6,337.16 1 0
github.com/DurantVivado/Grasure/erasure-read.go:252.35,257.52 5 0
github.com/DurantVivado/Grasure/erasure-read.go:261.7,261.27 1 0
github.com/DurantVivado/Grasure/erasure-read.go:257.52,259.16 2 0
github.com/DurantVivado/Grasure/erasure-read.go:261.27,268.39 3 0
github.com/DurantVivado/Grasure/erasure-read.go:271.8,271.18 1 0
github.com/DurantVivado/Grasure/erasure-read.go:268.39,270.9 1 0
github.com/DurantVivado/Grasure/erasure-read.go:274.39,276.7 1 0
github.com/DurantVivado/Grasure/erasure-read.go:279.20,281.7 1 0
github.com/DurantVivado/Grasure/erasure-read.go:294.20,296.7 1 0
github.com/DurantVivado/Grasure/erasure-read.go:299.59,300.39 1 0
github.com/DurantVivado/Grasure/erasure-read.go:300.39,303.26 3 0
github.com/DurantVivado/Grasure/erasure-read.go:303.26,304.14 1 0
github.com/DurantVivado/Grasure/erasure-read.go:312.31,315.46 3 0
github.com/DurantVivado/Grasure/erasure-read.go:323.7,323.27 1 0
github.com/DurantVivado/Grasure/erasure-read.go:315.46,318.22 3 0
github.com/DurantVivado/Grasure/erasure-read.go:321.8,321.13 1 0
github.com/DurantVivado/Grasure/erasure-read.go:318.22,320.9 1 0
github.com/DurantVivado/Grasure/erasure-read.go:323.27,326.22 2 0
github.com/DurantVivado/Grasure/erasure-read.go:330.8,330.18 1 0
github.com/DurantVivado/Grasure/erasure-read.go:326.22,328.9 1 0
github.com/DurantVivado/Grasure/erasure-read.go:334.39,336.7 1 0
github.com/DurantVivado/Grasure/erasure-read.go:340.36,342.5 1 0
github.com/DurantVivado/Grasure/erasure-read.go:346.14,350.28 3 0
github.com/DurantVivado/Grasure/erasure-read.go:354.3,357.40 3 0
github.com/DurantVivado/Grasure/erasure-read.go:350.28,353.4 2 0
github.com/DurantVivado/Grasure/erasure-read.go:362.62,363.20 1 1
github.com/DurantVivado/Grasure/erasure-read.go:367.2,372.51 4 1
github.com/DurantVivado/Grasure/erasure-read.go:376.2,376.17 1 1
github.com/DurantVivado/Grasure/erasure-read.go:363.20,365.3 1 0
github.com/DurantVivado/Grasure/erasure-read.go:372.51,374.3 1 1
github.com/DurantVivado/Grasure/erasure-recover.go:13.36,17.52 4 0
github.com/DurantVivado/Grasure/erasure-recover.go:21.2,21.16 1 0
github.com/DurantVivado/Grasure/erasure-recover.go:17.52,20.3 2 0
github.com/DurantVivado/Grasure/erasure-recover.go:29.72,31.14 2 0
github.com/DurantVivado/Grasure/erasure-recover.go:37.2,38.33 2 0
github.com/DurantVivado/Grasure/erasure-recover.go:43.2,43.18 1 0
github.com/DurantVivado/Grasure/erasure-recover.go:47.2,47.19 1 0
github.com/DurantVivado/Grasure/erasure-recover.go:52.2,52.42 1 0
github.com/DurantVivado/Grasure/erasure-recover.go:56.2,61.33 5 0
github.com/DurantVivado/Grasure/erasure-recover.go:71.2,81.54 2 0
github.com/DurantVivado/Grasure/erasure-recover.go:273.2,273.35 1 0
github.com/DurantVivado/Grasure/erasure-recover.go:276.2,277.16 2 0
github.com/DurantVivado/Grasure/erasure-recover.go:280.2,280.14 1 0
github.com/DurantVivado/Grasure/erasure-recover.go:283.2,283.24 1 0
github.com/DurantVivado/Grasure/erasure-recover.go:31.14,34.3 1 0
github.com/DurantVivado/Grasure/erasure-recover.go:38.33,39.32 1 0
github.com/DurantVivado/Grasure/erasure-recover.go:39.32,41.4 1 0
github.com/DurantVivado/Grasure/erasure-recover.go:43.18,45.3 1 0
github.com/DurantVivado/Grasure/erasure-recover.go:47.19,49.3 1 0
github.com/DurantVivado/Grasure/erasure-recover.go:52.42,54.3 1 0
github.com/DurantVivado/Grasure/erasure-recover.go:61.33,62.32 1 0
github.com/DurantVivado/Grasure/erasure-recover.go:62.32,67.4 4 0
github.com/DurantVivado/Grasure/erasure-recover.go:81.54,91.23 5 0
github.com/DurantVivado/Grasure/erasure-recover.go:270.3,270.14 1 0
github.com/DurantVivado/Grasure/erasure-recover.go:91.23,95.49 3 0
github.com/DurantVivado/Grasure/erasure-recover.go:113.4,113.37 1 0
github.com/DurantVivado/Grasure/erasure-recover.go:116.4,116.17 1 0
github.com/DurantVivado/Grasure/erasure-recover.go:124.4,124.68 1 0
github.com/DurantVivado/Grasure/erasure-recover.go:146.4,146.37 1 0
github.com/DurantVivado/Grasure/erasure-recover.go:149.4,149.17 1 0
github.com/DurantVivado/Grasure/erasure-recover.go:160.4,166.42 7 0
github.com/DurantVivado/Grasure/erasure-recover.go:265.4,265.16 1 0
github.com/DurantVivado/Grasure/erasure-recover.go:268.4,268.14 1 0
github.com/DurantVivado/Grasure/erasure-recover.go:95.49,98.25 3 0
github.com/DurantVivado/Grasure/erasure-recover.go:98.25,101.25 3 0
github.com/DurantVivado/Grasure/erasure-recover.go:105.6,106.20 2 0
github.com/DurantVivado/Grasure/erasure-recover.go:110.6,110.16 1 0
github.com/DurantVivado/Grasure/erasure-recover.go:101.25,104.7 2 0
github.com/DurantVivado/Grasure/erasure-recover.go:106.20,108.7 1 0
github.com/DurantVivado/Grasure/erasure-recover.go:113.37,115.5 1 0
github.com/DurantVivado/Grasure/erasure-recover.go:116.17,117.36 1 0
github.com/DurantVivado/Grasure/erasure-recover.go:117.36,118.23 1 0
github.com/DurantVivado/Grasure/erasure-recover.go:118.23,120.7 1 0
github.com/DurantVivado/Grasure/erasure-recover.go:124.68,127.25 3 0
github.com/DurantVivado/Grasure/erasure-recover.go:127.25,130.20 3 0
github.com/DurantVivado/Grasure/erasure-recover.go:135.6,135.55 1 0
github.com/DurantVivado/Grasure/erasure-recover.go:138.6,139.20 2 0
github.com/DurantVivado/Grasure/erasure-recover.go:143.6,143.16 1 0
github.com/DurantVivado/Grasure/erasure-recover.go:130.20,131.54 1 0
github.com/DurantVivado/Grasure/erasure-recover.go:131.54,133.8 1 0
github.com/DurantVivado/Grasure/erasure-recover.go:135.55,137.7 1 0
github.com/DurantVivado/Grasure/erasure-recover.go:139.20,141.7 1 0
github.com/DurantVivado/Grasure/erasure-recover.go:146.37,148.5 1 0
github.com/DurantVivado/Grasure/erasure-recover.go:149.17,150.34 1 0
github.com/DurantVivado/Grasure/erasure-recover.go:150.34,151.23 1 0
github.com/DurantVivado/Grasure/erasure-recover.go:151.23,153.7 1 0
github.com/DurantVivado/Grasure/erasure-recover.go:166.42,167.43 1 0
github.com/DurantVivado/Grasure/erasure-recover.go:172.5,173.37 2 0
github.com/DurantVivado/Grasure/erasure-recover.go:258.5,258.37 1 0
github.com/DurantVivado/Grasure/erasure-recover.go:261.5,262.28 2 0
github.com/DurantVivado/Grasure/erasure-recover.go:167.43,169.6 1 0
github.com/DurantVivado/Grasure/erasure-recover.go:169.11,171.6 1 0
github.com/DurantVivado/Grasure/erasure-recover.go:173.37,177.25 3 0
github.com/DurantVivado/Grasure/erasure-recover.go:177.25,185.36 3 0
github.com/DurantVivado/Grasure/erasure-recover.go:204.7,204.40 1 0
github.com/DurantVivado/Grasure/erasure-recover.go:208.7,209.21 2 0
github.com/DurantVivado/Grasure/erasure-recover.go:212.7,213.21 2 0
github.com/DurantVivado/Grasure/erasure-recover.go:216.7,216.14 1 0
github.com/DurantVivado/Grasure/erasure-recover.go:225.7,227.36 3 0
github.com/DurantVivado/Grasure/erasure-recover.go:251.7,251.40 1 0
github.com/DurantVivado/Grasure/erasure-recover.go:254.7,254.17 1 0
github.com/DurantVivado/Grasure/erasure-recover.go:185.36,189.27 4 0
github.com/DurantVivado/Grasure/erasure-recover.go:192.8,192.28 1 0
github.com/DurantVivado/Grasure/erasure-recover.go:189.27,190.17 1 0
github.com/DurantVivado/Grasure/erasure-recover.go:192.28,198.40 3 0
github.com/DurantVivado/Grasure/erasure-recover.go:201.9,201.19 1 0
github.com/DurantVivado/Grasure/erasure-recover.go:198.40,200.10 1 0
github.com/DurantVivado/Grasure/erasure-recover.go:204.40,206.8 1 0
github.com/DurantVivado/Grasure/erasure-recover.go:209.21,211.8 1 0
github.com/DurantVivado/Grasure/erasure-recover.go:213.21,215.8 1 0
github.com/DurantVivado/Grasure/erasure-recover.go:216.14,218.22 2 0
github.com/DurantVivado/Grasure/erasure-recover.go:218.22,220.9 1 0
github.com/DurantVivado/Grasure/erasure-recover.go:221.13,223.8 1 0
github.com/DurantVivado/Grasure/erasure-recover.go:227.36,230.43 3 0
github.com/DurantVivado/Grasure/erasure-recover.go:230.43,233.29 3 0
github.com/DurantVivado/Grasure/erasure-recover.go:233.29,236.24 2 0
github.com/DurantVivado/Grasure/erasure-recover.go:239.10,239.45 1 0
github.com/DurantVivado/Grasure/erasure-recover.go:245.10,245.20 1 0
github.com/DurantVivado/Grasure/erasure-recover.go:236.24,238.11 1 0
github.com/DurantVivado/Grasure/erasure-recover.go:239.45,241.72 2 0
github.com/DurantVivado/Grasure/erasure-recover.go:241.72,243.12 1 0
github.com/DurantVivado/Grasure/erasure-recover.go:251.40,253.8 1 0
github.com/DurantVivado/Grasure/erasure-recover.go:258.37,260.6 1 0
github.com/DurantVivado/Grasure/erasure-recover.go:265.16,267.5 1 0
github.com/DurantVivado/Grasure/erasure-recover.go:273.35,275.3 1 0
github.com/DurantVivado/Grasure/erasure-recover.go:277.16,279.3 1 0
github.com/DurantVivado/Grasure/erasure-recover.go:280.14,282.3 1 0
github.com/DurantVivado/Grasure/erasure-recover.go:287.64,292.16 2 0
github.com/DurantVivado/Grasure/erasure-recover.go:296.2,296.31 1 0
github.com/DurantVivado/Grasure/erasure-recover.go:300.2,305.16 4 0
github.com/DurantVivado/Grasure/erasure-recover.go:308.2,309.33 2 0
github.com/DurantVivado/Grasure/erasure-recover.go:315.2,315.12 1 0
github.com/DurantVivado/Grasure/erasure-recover.go:292.16,294.3 1 0
github.com/DurantVivado/Grasure/erasure-recover.go:296.31,298.3 1 0
github.com/DurantVivado/Grasure/erasure-recover.go:305.16,307.3 1 0
github.com/DurantVivado/Grasure/erasure-recover.go:309.33,311.17 2 0
github.com/DurantVivado/Grasure/erasure-recover.go:311.17,313.4 1 0
github.com/DurantVivado/Grasure/erasure-scaling.go:14.49,15.30 1 0
github.com/DurantVivado/Grasure/erasure-scaling.go:18.2,18.23 1 0
github.com/DurantVivado/Grasure/erasure-scaling.go:21.2,21.29 1 0
github.com/DurantVivado/Grasure/erasure-scaling.go:24.2,24.34 1 0
github.com/DurantVivado/Grasure/erasure-scaling.go:31.2,31.12 1 0
github.com/DurantVivado/Grasure/erasure-scaling.go:15.30,17.3 1 0
github.com/DurantVivado/Grasure/erasure-scaling.go:18.23,20.3 1 0
github.com/DurantVivado/Grasure/erasure-scaling.go:21.29,23.3 1 0
github.com/DurantVivado/Grasure/erasure-scaling.go:24.34,26.3 1 0
github.com/DurantVivado/Grasure/erasure-errors.go:13.36,15.2 1 0
github.com/DurantVivado/Grasure/erasure-errors.go:141.36,143.2 1 0
